[PREINITIALIZATION][SERVER][INFO] Current loaders after merging: [[preinit]]
[PREINITIALIZATION][SERVER][INFO] Loading scripts for loader with names [preinit]
[PREINITIALIZATION][SERVER][INFO] [preinit | SIDE_SERVER]: Skipping file {[0:crafttweaker]: 04_pams_hc_ie_fermenter.zs} as we are currently loading with a different loader
[PREINITIALIZATION][SERVER][INFO] [preinit | SIDE_SERVER]: Skipping file {[0:crafttweaker]: citychests.zs} as we are currently loading with a different loader
[PREINITIALIZATION][SERVER][INFO] [preinit | SIDE_SERVER]: Skipping file {[0:crafttweaker]: craftingchanges.zs} as we are currently loading with a different loader
[PREINITIALIZATION][SERVER][INFO] [preinit | SIDE_SERVER]: Skipping file {[0:crafttweaker]: mobdrops.zs} as we are currently loading with a different loader
[PREINITIALIZATION][SERVER][INFO] Completed script loading in: 1ms
[INITIALIZATION][SERVER][INFO] CraftTweaker: Building registry
[INITIALIZATION][SERVER][INFO] CraftTweaker: Successfully built item registry
[INITIALIZATION][SERVER][INFO] Current loaders after merging: [[preinit], [recipeevent | crafttweaker]]
[INITIALIZATION][SERVER][INFO] Loading scripts for loader with names [crafttweaker | recipeevent]
[INITIALIZATION][SERVER][INFO] [crafttweaker | SIDE_SERVER]: Loading Script: {[0:crafttweaker]: 04_pams_hc_ie_fermenter.zs}
[INITIALIZATION][SERVER][INFO] Initializing '04_pams_hc_ie_fermenter.zs...
[INITIALIZATION][SERVER][INFO] Adding Fermenter Recipe for Fluid Ethanol and Item Industrial Hemp Seeds
[INITIALIZATION][SERVER][INFO] Adding Fermenter Recipe for Fluid Ethanol and Item Industrial Hemp Seeds
[INITIALIZATION][SERVER][INFO] Adding Fermenter Recipe for Fluid Ethanol and Item Industrial Hemp Seeds
[INITIALIZATION][SERVER][INFO] Adding Fermenter Recipe for Fluid Ethanol and Item Industrial Hemp Seeds
[INITIALIZATION][SERVER][INFO] Adding Fermenter Recipe for Fluid Ethanol and Item Industrial Hemp Seeds
[INITIALIZATION][SERVER][INFO] Adding Fermenter Recipe for Fluid Ethanol and Item Industrial Hemp Seeds
[INITIALIZATION][SERVER][INFO] Adding Fermenter Recipe for Fluid Ethanol and Item Industrial Hemp Seeds
[INITIALIZATION][SERVER][INFO] Adding Fermenter Recipe for Fluid Ethanol and Item Industrial Hemp Seeds
[INITIALIZATION][SERVER][INFO] Adding Fermenter Recipe for Fluid Ethanol and Item Industrial Hemp Seeds
[INITIALIZATION][SERVER][INFO] Adding Fermenter Recipe for Fluid Ethanol and Item Industrial Hemp Seeds
[INITIALIZATION][SERVER][INFO] Adding Fermenter Recipe for Fluid Ethanol and Item Industrial Hemp Seeds
[INITIALIZATION][SERVER][INFO] Adding Fermenter Recipe for Fluid Ethanol and Item Industrial Hemp Seeds
[INITIALIZATION][SERVER][INFO] Adding Fermenter Recipe for Fluid Ethanol and Item Industrial Hemp Seeds
[INITIALIZATION][SERVER][INFO] Adding Fermenter Recipe for Fluid Ethanol and Item Industrial Hemp Seeds
[INITIALIZATION][SERVER][INFO] Adding Fermenter Recipe for Fluid Ethanol and Item Industrial Hemp Seeds
[INITIALIZATION][SERVER][INFO] Adding Fermenter Recipe for Fluid Ethanol and Item Industrial Hemp Seeds
[INITIALIZATION][SERVER][INFO] Adding Fermenter Recipe for Fluid Ethanol and Item Industrial Hemp Seeds
[INITIALIZATION][SERVER][INFO] Adding Fermenter Recipe for Fluid Ethanol and Item Industrial Hemp Seeds
[INITIALIZATION][SERVER][INFO] Adding Fermenter Recipe for Fluid Ethanol and Item Industrial Hemp Seeds
[INITIALIZATION][SERVER][INFO] Adding Fermenter Recipe for Fluid Ethanol and Item Industrial Hemp Seeds
[INITIALIZATION][SERVER][INFO] Adding Fermenter Recipe for Fluid Ethanol and Item Industrial Hemp Seeds
[INITIALIZATION][SERVER][INFO] Adding Fermenter Recipe for Fluid Ethanol and Item Industrial Hemp Seeds
[INITIALIZATION][SERVER][INFO] Adding Fermenter Recipe for Fluid Ethanol and Item Industrial Hemp Seeds
[INITIALIZATION][SERVER][INFO] Adding Fermenter Recipe for Fluid Ethanol and Item Industrial Hemp Seeds
[INITIALIZATION][SERVER][INFO] Adding Fermenter Recipe for Fluid Ethanol and Item Industrial Hemp Seeds
[INITIALIZATION][SERVER][INFO] Adding Fermenter Recipe for Fluid Ethanol and Item Industrial Hemp Seeds
[INITIALIZATION][SERVER][INFO] Adding Fermenter Recipe for Fluid Ethanol and Item Industrial Hemp Seeds
[INITIALIZATION][SERVER][INFO] Adding Fermenter Recipe for Fluid Ethanol and Item Industrial Hemp Seeds
[INITIALIZATION][SERVER][INFO] Adding Fermenter Recipe for Fluid Ethanol and Item Industrial Hemp Seeds
[INITIALIZATION][SERVER][INFO] Adding Fermenter Recipe for Fluid Ethanol and Item Industrial Hemp Seeds
[INITIALIZATION][SERVER][INFO] Adding Fermenter Recipe for Fluid Ethanol and Item Industrial Hemp Seeds
[INITIALIZATION][SERVER][INFO] Adding Fermenter Recipe for Fluid Ethanol and Item Industrial Hemp Seeds
[INITIALIZATION][SERVER][INFO] Adding Fermenter Recipe for Fluid Ethanol and Item Industrial Hemp Seeds
[INITIALIZATION][SERVER][INFO] Adding Fermenter Recipe for Fluid Ethanol and Item Industrial Hemp Seeds
[INITIALIZATION][SERVER][INFO] Adding Fermenter Recipe for Fluid Ethanol and Item Industrial Hemp Seeds
[INITIALIZATION][SERVER][INFO] Adding Fermenter Recipe for Fluid Ethanol and Item Industrial Hemp Seeds
[INITIALIZATION][SERVER][INFO] Adding Fermenter Recipe for Fluid Ethanol and Item Industrial Hemp Seeds
[INITIALIZATION][SERVER][INFO] Adding Fermenter Recipe for Fluid Ethanol and Item Industrial Hemp Seeds
[INITIALIZATION][SERVER][INFO] Adding Fermenter Recipe for Fluid Ethanol and Item Industrial Hemp Seeds
[INITIALIZATION][SERVER][INFO] Adding Fermenter Recipe for Fluid Ethanol and Item Industrial Hemp Seeds
[INITIALIZATION][SERVER][INFO] Adding Fermenter Recipe for Fluid Ethanol and Item Industrial Hemp Seeds
[INITIALIZATION][SERVER][INFO] Adding Fermenter Recipe for Fluid Ethanol and Item Industrial Hemp Seeds
[INITIALIZATION][SERVER][INFO] Adding Fermenter Recipe for Fluid Ethanol and Item Industrial Hemp Seeds
[INITIALIZATION][SERVER][INFO] Adding Fermenter Recipe for Fluid Ethanol and Item Industrial Hemp Seeds
[INITIALIZATION][SERVER][INFO] Adding Fermenter Recipe for Fluid Ethanol and Item Industrial Hemp Seeds
[INITIALIZATION][SERVER][INFO] Adding Fermenter Recipe for Fluid Ethanol and Item Industrial Hemp Seeds
[INITIALIZATION][SERVER][INFO] Adding Fermenter Recipe for Fluid Ethanol and Item Industrial Hemp Seeds
[INITIALIZATION][SERVER][INFO] Adding Fermenter Recipe for Fluid Ethanol and Item Industrial Hemp Seeds
[INITIALIZATION][SERVER][INFO] Adding Fermenter Recipe for Fluid Ethanol and Item Industrial Hemp Seeds
[INITIALIZATION][SERVER][INFO] Adding Fermenter Recipe for Fluid Ethanol and Item Industrial Hemp Seeds
[INITIALIZATION][SERVER][INFO] Adding Fermenter Recipe for Fluid Ethanol and Item Industrial Hemp Seeds
[INITIALIZATION][SERVER][INFO] Adding Fermenter Recipe for Fluid Ethanol and Item Industrial Hemp Seeds
[INITIALIZATION][SERVER][INFO] Adding Fermenter Recipe for Fluid Ethanol and Item Industrial Hemp Seeds
[INITIALIZATION][SERVER][INFO] Adding Fermenter Recipe for Fluid Ethanol and Item Industrial Hemp Seeds
[INITIALIZATION][SERVER][INFO] Adding Fermenter Recipe for Fluid Ethanol and Item Industrial Hemp Seeds
[INITIALIZATION][SERVER][INFO] Adding Fermenter Recipe for Fluid Ethanol and Item Industrial Hemp Seeds
[INITIALIZATION][SERVER][INFO] Adding Fermenter Recipe for Fluid Ethanol and Item Industrial Hemp Seeds
[INITIALIZATION][SERVER][INFO] Adding Fermenter Recipe for Fluid Ethanol and Item Industrial Hemp Seeds
[INITIALIZATION][SERVER][INFO] Adding Fermenter Recipe for Fluid Ethanol and Item Industrial Hemp Seeds
[INITIALIZATION][SERVER][INFO] Adding Fermenter Recipe for Fluid Ethanol and Item Industrial Hemp Seeds
[INITIALIZATION][SERVER][INFO] Adding Fermenter Recipe for Fluid Ethanol and Item Industrial Hemp Seeds
[INITIALIZATION][SERVER][INFO] Adding Fermenter Recipe for Fluid Ethanol and Item Industrial Hemp Seeds
[INITIALIZATION][SERVER][INFO] Adding Fermenter Recipe for Fluid Ethanol and Item Industrial Hemp Seeds
[INITIALIZATION][SERVER][INFO] Adding Fermenter Recipe for Fluid Ethanol and Item Industrial Hemp Seeds
[INITIALIZATION][SERVER][INFO] Adding Fermenter Recipe for Fluid Ethanol and Item Industrial Hemp Seeds
[INITIALIZATION][SERVER][INFO] Adding Fermenter Recipe for Fluid Ethanol and Item Industrial Hemp Seeds
[INITIALIZATION][SERVER][INFO] Adding Fermenter Recipe for Fluid Ethanol and Item Industrial Hemp Seeds
[INITIALIZATION][SERVER][INFO] Adding Fermenter Recipe for Fluid Ethanol and Item Industrial Hemp Seeds
[INITIALIZATION][SERVER][INFO] Adding Fermenter Recipe for Fluid Ethanol and Item Industrial Hemp Seeds
[INITIALIZATION][SERVER][INFO] Adding Fermenter Recipe for Fluid Ethanol and Item Industrial Hemp Seeds
[INITIALIZATION][SERVER][INFO] Adding Fermenter Recipe for Fluid Ethanol and Item Industrial Hemp Seeds
[INITIALIZATION][SERVER][INFO] Adding Fermenter Recipe for Fluid Ethanol and Item Industrial Hemp Seeds
[INITIALIZATION][SERVER][INFO] Adding Fermenter Recipe for Fluid Ethanol and Item Industrial Hemp Seeds
[INITIALIZATION][SERVER][INFO] Adding Fermenter Recipe for Fluid Ethanol and Item Industrial Hemp Seeds
[INITIALIZATION][SERVER][INFO] Adding Fermenter Recipe for Fluid Ethanol and Item Industrial Hemp Seeds
[INITIALIZATION][SERVER][INFO] Adding Fermenter Recipe for Fluid Ethanol and Item Industrial Hemp Seeds
[INITIALIZATION][SERVER][INFO] Adding Fermenter Recipe for Fluid Ethanol and Item Industrial Hemp Seeds
[INITIALIZATION][SERVER][INFO] Adding Fermenter Recipe for Fluid Ethanol and Item Industrial Hemp Seeds
[INITIALIZATION][SERVER][INFO] Adding Fermenter Recipe for Fluid Ethanol and Item Industrial Hemp Seeds
[INITIALIZATION][SERVER][INFO] Adding Fermenter Recipe for Fluid Ethanol and Item Industrial Hemp Seeds
[INITIALIZATION][SERVER][INFO] Adding Fermenter Recipe for Fluid Ethanol and Item Industrial Hemp Seeds
[INITIALIZATION][SERVER][INFO] Adding Fermenter Recipe for Fluid Ethanol and Item Industrial Hemp Seeds
[INITIALIZATION][SERVER][INFO] Adding Fermenter Recipe for Fluid Ethanol and Item Industrial Hemp Seeds
[INITIALIZATION][SERVER][INFO] Adding Fermenter Recipe for Fluid Ethanol and Item Industrial Hemp Seeds
[INITIALIZATION][SERVER][INFO] Adding Fermenter Recipe for Fluid Ethanol and Item Industrial Hemp Seeds
[INITIALIZATION][SERVER][INFO] Adding Fermenter Recipe for Fluid Ethanol and Item Industrial Hemp Seeds
[INITIALIZATION][SERVER][INFO] Adding Fermenter Recipe for Fluid Ethanol and Item Industrial Hemp Seeds
[INITIALIZATION][SERVER][INFO] Adding Fermenter Recipe for Fluid Ethanol and Item Industrial Hemp Seeds
[INITIALIZATION][SERVER][INFO] Adding Fermenter Recipe for Fluid Ethanol and Item Industrial Hemp Seeds
[INITIALIZATION][SERVER][INFO] Adding Fermenter Recipe for Fluid Ethanol and Item Industrial Hemp Seeds
[INITIALIZATION][SERVER][INFO] Adding Fermenter Recipe for Fluid Ethanol and Item Industrial Hemp Seeds
[INITIALIZATION][SERVER][INFO] Adding Fermenter Recipe for Fluid Ethanol and Item Industrial Hemp Seeds
[INITIALIZATION][SERVER][INFO] Adding Fermenter Recipe for Fluid Ethanol and Item Industrial Hemp Seeds
[INITIALIZATION][SERVER][INFO] Adding Fermenter Recipe for Fluid Ethanol and Item Industrial Hemp Seeds
[INITIALIZATION][SERVER][INFO] Adding Fermenter Recipe for Fluid Ethanol and Item Industrial Hemp Seeds
[INITIALIZATION][SERVER][INFO] Adding Fermenter Recipe for Fluid Ethanol and Item Industrial Hemp Seeds
[INITIALIZATION][SERVER][INFO] Adding Fermenter Recipe for Fluid Ethanol and Item Industrial Hemp Seeds
[INITIALIZATION][SERVER][INFO] Adding Fermenter Recipe for Fluid Ethanol and Item Industrial Hemp Seeds
[INITIALIZATION][SERVER][INFO] Adding Fermenter Recipe for Fluid Ethanol and Item Industrial Hemp Seeds
[INITIALIZATION][SERVER][INFO] Adding Fermenter Recipe for Fluid Ethanol and Item Industrial Hemp Seeds
[INITIALIZATION][SERVER][INFO] Adding Fermenter Recipe for Fluid Ethanol and Item Industrial Hemp Seeds
[INITIALIZATION][SERVER][INFO] Adding Fermenter Recipe for Fluid Ethanol and Item Industrial Hemp Seeds
[INITIALIZATION][SERVER][INFO] Adding Fermenter Recipe for Fluid Ethanol and Item Industrial Hemp Seeds
[INITIALIZATION][SERVER][INFO] Adding Fermenter Recipe for Fluid Ethanol and Item Industrial Hemp Seeds
[INITIALIZATION][SERVER][INFO] Adding Fermenter Recipe for Fluid Ethanol and Item Industrial Hemp Seeds
[INITIALIZATION][SERVER][INFO] Adding Fermenter Recipe for Fluid Ethanol and Item Industrial Hemp Seeds
[INITIALIZATION][SERVER][INFO] Adding Fermenter Recipe for Fluid Ethanol and Item Industrial Hemp Seeds
[INITIALIZATION][SERVER][INFO] Adding Fermenter Recipe for Fluid Ethanol and Item Industrial Hemp Seeds
[INITIALIZATION][SERVER][INFO] Adding Fermenter Recipe for Fluid Ethanol and Item Industrial Hemp Seeds
[INITIALIZATION][SERVER][INFO] Adding Fermenter Recipe for Fluid Ethanol and Item Industrial Hemp Seeds
[INITIALIZATION][SERVER][INFO] Adding Fermenter Recipe for Fluid Ethanol and Item Industrial Hemp Seeds
[INITIALIZATION][SERVER][INFO] Adding Fermenter Recipe for Fluid Ethanol and Item Industrial Hemp Seeds
[INITIALIZATION][SERVER][INFO] Adding Fermenter Recipe for Fluid Ethanol and Item Industrial Hemp Seeds
[INITIALIZATION][SERVER][INFO] Adding Fermenter Recipe for Fluid Ethanol and Item Industrial Hemp Seeds
[INITIALIZATION][SERVER][INFO] Adding Fermenter Recipe for Fluid Ethanol and Item Industrial Hemp Seeds
[INITIALIZATION][SERVER][INFO] Adding Fermenter Recipe for Fluid Ethanol and Item Industrial Hemp Seeds
[INITIALIZATION][SERVER][INFO] Adding Fermenter Recipe for Fluid Ethanol and Item Industrial Hemp Seeds
[INITIALIZATION][SERVER][INFO] Adding Fermenter Recipe for Fluid Ethanol and Item Industrial Hemp Seeds
[INITIALIZATION][SERVER][INFO] Adding Fermenter Recipe for Fluid Ethanol and Item Industrial Hemp Seeds
[INITIALIZATION][SERVER][INFO] Adding Fermenter Recipe for Fluid Ethanol and Item Industrial Hemp Seeds
[INITIALIZATION][SERVER][INFO] Adding Fermenter Recipe for Fluid Ethanol and Item Industrial Hemp Seeds
[INITIALIZATION][SERVER][INFO] Adding Fermenter Recipe for Fluid Ethanol and Item Industrial Hemp Seeds
[INITIALIZATION][SERVER][INFO] Adding Fermenter Recipe for Fluid Ethanol and Item Industrial Hemp Seeds
[INITIALIZATION][SERVER][INFO] Adding Fermenter Recipe for Fluid Ethanol and Item Industrial Hemp Seeds
[INITIALIZATION][SERVER][INFO] Adding Fermenter Recipe for Fluid Ethanol and Item Industrial Hemp Seeds
[INITIALIZATION][SERVER][INFO] Adding Fermenter Recipe for Fluid Ethanol and Item Industrial Hemp Seeds
[INITIALIZATION][SERVER][INFO] Adding Fermenter Recipe for Fluid Ethanol and Item Industrial Hemp Seeds
[INITIALIZATION][SERVER][INFO] Adding Fermenter Recipe for Fluid Ethanol and Item Industrial Hemp Seeds
[INITIALIZATION][SERVER][INFO] Adding Fermenter Recipe for Fluid Ethanol and Item Industrial Hemp Seeds
[INITIALIZATION][SERVER][INFO] Adding Fermenter Recipe for Fluid Ethanol and Item Industrial Hemp Seeds
[INITIALIZATION][SERVER][INFO] Adding Fermenter Recipe for Fluid Ethanol and Item Industrial Hemp Seeds
[INITIALIZATION][SERVER][INFO] Adding Fermenter Recipe for Fluid Ethanol and Item Industrial Hemp Seeds
[INITIALIZATION][SERVER][INFO] Adding Fermenter Recipe for Fluid Ethanol and Item Industrial Hemp Seeds
[INITIALIZATION][SERVER][INFO] Adding Fermenter Recipe for Fluid Ethanol and Item Industrial Hemp Seeds
[INITIALIZATION][SERVER][INFO] Adding Fermenter Recipe for Fluid Ethanol and Item Industrial Hemp Seeds
[INITIALIZATION][SERVER][INFO] Adding Fermenter Recipe for Fluid Ethanol and Item Industrial Hemp Seeds
[INITIALIZATION][SERVER][INFO] Adding Fermenter Recipe for Fluid Ethanol and Item Industrial Hemp Seeds
[INITIALIZATION][SERVER][INFO] Adding Fermenter Recipe for Fluid Ethanol and Item Industrial Hemp Seeds
[INITIALIZATION][SERVER][INFO] Adding Fermenter Recipe for Fluid Ethanol and Item Industrial Hemp Seeds
[INITIALIZATION][SERVER][INFO] Adding Fermenter Recipe for Fluid Ethanol and Item Industrial Hemp Seeds
[INITIALIZATION][SERVER][INFO] Adding Fermenter Recipe for Fluid Ethanol and Item Industrial Hemp Seeds
[INITIALIZATION][SERVER][INFO] Adding Fermenter Recipe for Fluid Ethanol and Item Industrial Hemp Seeds
[INITIALIZATION][SERVER][INFO] Adding Fermenter Recipe for Fluid Ethanol and Item Industrial Hemp Seeds
[INITIALIZATION][SERVER][INFO] Adding Fermenter Recipe for Fluid Ethanol and Item Industrial Hemp Seeds
[INITIALIZATION][SERVER][INFO] Adding Fermenter Recipe for Fluid Ethanol and Item Industrial Hemp Seeds
[INITIALIZATION][SERVER][INFO] Adding Fermenter Recipe for Fluid Ethanol and Item Industrial Hemp Seeds
[INITIALIZATION][SERVER][INFO] Adding Fermenter Recipe for Fluid Ethanol and Item Industrial Hemp Seeds
[INITIALIZATION][SERVER][INFO] Adding Fermenter Recipe for Fluid Ethanol and Item Industrial Hemp Seeds
[INITIALIZATION][SERVER][INFO] Adding Fermenter Recipe for Fluid Ethanol and Item Industrial Hemp Seeds
[INITIALIZATION][SERVER][INFO] Adding Fermenter Recipe for Fluid Ethanol and Item Industrial Hemp Seeds
[INITIALIZATION][SERVER][INFO] Adding Fermenter Recipe for Fluid Ethanol and Item Industrial Hemp Seeds
[INITIALIZATION][SERVER][INFO] Adding Fermenter Recipe for Fluid Ethanol and Item Industrial Hemp Seeds
[INITIALIZATION][SERVER][INFO] Adding Fermenter Recipe for Fluid Ethanol and Item Industrial Hemp Seeds
[INITIALIZATION][SERVER][INFO] Adding Fermenter Recipe for Fluid Ethanol and Item Industrial Hemp Seeds
[INITIALIZATION][SERVER][INFO] Adding Fermenter Recipe for Fluid Ethanol and Item Industrial Hemp Seeds
[INITIALIZATION][SERVER][INFO] Adding Fermenter Recipe for Fluid Ethanol and Item Industrial Hemp Seeds
[INITIALIZATION][SERVER][INFO] Adding Fermenter Recipe for Fluid Ethanol and Item Industrial Hemp Seeds
[INITIALIZATION][SERVER][INFO] Adding Fermenter Recipe for Fluid Ethanol and Item Industrial Hemp Seeds
[INITIALIZATION][SERVER][INFO] Adding Fermenter Recipe for Fluid Ethanol and Item Industrial Hemp Seeds
[INITIALIZATION][SERVER][INFO] Adding Fermenter Recipe for Fluid Ethanol and Item Industrial Hemp Seeds
[INITIALIZATION][SERVER][INFO] Adding Fermenter Recipe for Fluid Ethanol and Item Industrial Hemp Seeds
[INITIALIZATION][SERVER][INFO] Adding Fermenter Recipe for Fluid Ethanol and Item Industrial Hemp Seeds
[INITIALIZATION][SERVER][INFO] Adding Fermenter Recipe for Fluid Ethanol and Item Industrial Hemp Seeds
[INITIALIZATION][SERVER][INFO] Adding Fermenter Recipe for Fluid Ethanol and Item Industrial Hemp Seeds
[INITIALIZATION][SERVER][INFO] Adding Fermenter Recipe for Fluid Ethanol and Item Industrial Hemp Seeds
[INITIALIZATION][SERVER][INFO] Adding Fermenter Recipe for Fluid Ethanol and Item Industrial Hemp Seeds
[INITIALIZATION][SERVER][INFO] Adding Fermenter Recipe for Fluid Ethanol and Item Industrial Hemp Seeds
[INITIALIZATION][SERVER][INFO] Adding Fermenter Recipe for Fluid Ethanol and Item Industrial Hemp Seeds
[INITIALIZATION][SERVER][INFO] Adding Fermenter Recipe for Fluid Ethanol and Item Industrial Hemp Seeds
[INITIALIZATION][SERVER][INFO] Adding Fermenter Recipe for Fluid Ethanol and Item Industrial Hemp Seeds
[INITIALIZATION][SERVER][INFO] Adding Fermenter Recipe for Fluid Ethanol and Item Industrial Hemp Seeds
[INITIALIZATION][SERVER][INFO] Adding Fermenter Recipe for Fluid Ethanol and Item Industrial Hemp Seeds
[INITIALIZATION][SERVER][INFO] Adding Fermenter Recipe for Fluid Ethanol and Item Industrial Hemp Seeds
[INITIALIZATION][SERVER][INFO] Adding Fermenter Recipe for Fluid Ethanol and Item Industrial Hemp Seeds
[INITIALIZATION][SERVER][INFO] Adding Fermenter Recipe for Fluid Ethanol and Item Industrial Hemp Seeds
[INITIALIZATION][SERVER][INFO] Adding Fermenter Recipe for Fluid Ethanol and Item Industrial Hemp Seeds
[INITIALIZATION][SERVER][INFO] Adding Fermenter Recipe for Fluid Ethanol and Item Industrial Hemp Seeds
[INITIALIZATION][SERVER][INFO] Adding Fermenter Recipe for Fluid Ethanol and Item Industrial Hemp Seeds
[INITIALIZATION][SERVER][INFO] Adding Fermenter Recipe for Fluid Ethanol and Item Industrial Hemp Seeds
[INITIALIZATION][SERVER][INFO] Adding Fermenter Recipe for Fluid Ethanol and Item Industrial Hemp Seeds
[INITIALIZATION][SERVER][INFO] Adding Fermenter Recipe for Fluid Ethanol and Item Industrial Hemp Seeds
[INITIALIZATION][SERVER][INFO] Adding Fermenter Recipe for Fluid Ethanol and Item Industrial Hemp Seeds
[INITIALIZATION][SERVER][INFO] Adding Fermenter Recipe for Fluid Ethanol and Item Industrial Hemp Seeds
[INITIALIZATION][SERVER][INFO] Adding Fermenter Recipe for Fluid Ethanol and Item Industrial Hemp Seeds
[INITIALIZATION][SERVER][INFO] Adding Fermenter Recipe for Fluid Ethanol and Item Industrial Hemp Seeds
[INITIALIZATION][SERVER][INFO] Adding Fermenter Recipe for Fluid Ethanol and Item Industrial Hemp Seeds
[INITIALIZATION][SERVER][INFO] Adding Fermenter Recipe for Fluid Ethanol and Item Industrial Hemp Seeds
[INITIALIZATION][SERVER][INFO] Adding Fermenter Recipe for Fluid Ethanol and Item Industrial Hemp Seeds
[INITIALIZATION][SERVER][INFO] Adding Fermenter Recipe for Fluid Ethanol and Item Industrial Hemp Seeds
[INITIALIZATION][SERVER][INFO] Adding Fermenter Recipe for Fluid Ethanol and Item Industrial Hemp Seeds
[INITIALIZATION][SERVER][INFO] Adding Fermenter Recipe for Fluid Ethanol and Item Industrial Hemp Seeds
[INITIALIZATION][SERVER][INFO] Adding Fermenter Recipe for Fluid Ethanol and Item Industrial Hemp Seeds
[INITIALIZATION][SERVER][INFO] Adding Fermenter Recipe for Fluid Ethanol and Item Industrial Hemp Seeds
[INITIALIZATION][SERVER][INFO] Adding Fermenter Recipe for Fluid Ethanol and Item Industrial Hemp Seeds
[INITIALIZATION][SERVER][INFO] Adding Fermenter Recipe for Fluid Ethanol and Item Industrial Hemp Seeds
[INITIALIZATION][SERVER][INFO] Adding Fermenter Recipe for Fluid Ethanol and Item Industrial Hemp Seeds
[INITIALIZATION][SERVER][INFO] Adding Fermenter Recipe for Fluid Ethanol and Item Industrial Hemp Seeds
[INITIALIZATION][SERVER][INFO] Adding Fermenter Recipe for Fluid Ethanol and Item Industrial Hemp Seeds
[INITIALIZATION][SERVER][INFO] Adding Fermenter Recipe for Fluid Ethanol and Item Industrial Hemp Seeds
[INITIALIZATION][SERVER][INFO] Adding Fermenter Recipe for Fluid Ethanol and Item Industrial Hemp Seeds
[INITIALIZATION][SERVER][INFO] Adding Fermenter Recipe for Fluid Ethanol and Item Industrial Hemp Seeds
[INITIALIZATION][SERVER][INFO] Adding Fermenter Recipe for Fluid Ethanol and Item Industrial Hemp Seeds
[INITIALIZATION][SERVER][INFO] Adding Fermenter Recipe for Fluid Ethanol and Item Industrial Hemp Seeds
[INITIALIZATION][SERVER][INFO] Adding Fermenter Recipe for Fluid Ethanol and Item Industrial Hemp Seeds
[INITIALIZATION][SERVER][INFO] Adding Fermenter Recipe for Fluid Ethanol and Item Industrial Hemp Seeds
[INITIALIZATION][SERVER][INFO] Adding Fermenter Recipe for Fluid Ethanol and Item Industrial Hemp Seeds
[INITIALIZATION][SERVER][INFO] Adding Fermenter Recipe for Fluid Ethanol and Item Industrial Hemp Seeds
[INITIALIZATION][SERVER][INFO] Adding Fermenter Recipe for Fluid Ethanol and Item Industrial Hemp Seeds
[INITIALIZATION][SERVER][INFO] Adding Fermenter Recipe for Fluid Ethanol and Item Industrial Hemp Seeds
[INITIALIZATION][SERVER][INFO] Adding Fermenter Recipe for Fluid Ethanol and Item Industrial Hemp Seeds
[INITIALIZATION][SERVER][INFO] Adding Fermenter Recipe for Fluid Ethanol and Item Industrial Hemp Seeds
[INITIALIZATION][SERVER][INFO] Adding Fermenter Recipe for Fluid Ethanol and Item Industrial Hemp Seeds
[INITIALIZATION][SERVER][INFO] Adding Fermenter Recipe for Fluid Ethanol and Item Industrial Hemp Seeds
[INITIALIZATION][SERVER][INFO] Adding Fermenter Recipe for Fluid Ethanol and Item Industrial Hemp Seeds
[INITIALIZATION][SERVER][INFO] Adding Fermenter Recipe for Fluid Ethanol and Item Industrial Hemp Seeds
[INITIALIZATION][SERVER][INFO] Adding Fermenter Recipe for Fluid Ethanol and Item Industrial Hemp Seeds
[INITIALIZATION][SERVER][INFO] Adding Fermenter Recipe for Fluid Ethanol and Item Industrial Hemp Seeds
[INITIALIZATION][SERVER][INFO] Adding Fermenter Recipe for Fluid Ethanol and Item Industrial Hemp Seeds
[INITIALIZATION][SERVER][INFO] Adding Fermenter Recipe for Fluid Ethanol and Item Industrial Hemp Seeds
[INITIALIZATION][SERVER][INFO] Initialized '04_pams_hc_ie_fermenter.zs...
[INITIALIZATION][SERVER][INFO] [crafttweaker | SIDE_SERVER]: Loading Script: {[0:crafttweaker]: citychests.zs}
[INITIALIZATION][SERVER][INFO] Queued all pools of table lostcities:chests/lostcitychest for removal
[INITIALIZATION][SERVER][INFO] Queued pool ie_stuff for addition to table lostcities:chests/lostcitychest
[INITIALIZATION][SERVER][INFO] Rolls of pool ie_stuff in table lostcities:chests/lostcitychest will be set to (1.000000, 1.000000)
[INITIALIZATION][SERVER][INFO] Bonus rolls of pool ie_stuff in table lostcities:chests/lostcitychest will be set to (0.000000, 0.000000)
[INITIALIZATION][SERVER][INFO] Queued item entry 'loottweaker#1' for addition to pool ie_stuff of table lostcities:chests/lostcitychest
[INITIALIZATION][SERVER][INFO] [crafttweaker | SIDE_SERVER]: Loading Script: {[0:crafttweaker]: craftingchanges.zs}
[INITIALIZATION][SERVER][INFO] [crafttweaker | SIDE_SERVER]: Loading Script: {[0:crafttweaker]: mobdrops.zs}
[INITIALIZATION][SERVER][INFO] Completed script loading in: 321ms
[POSTINITIALIZATION][SERVER][INFO] Removing recipes for various outputs
[SERVER_ABOUT_TO_START][SERVER][INFO] Added new pool ie_stuff to table lostcities:chests/lostcitychest
